\BOOKMARK [0][-]{chapter*.2}{Preface}{}% 1
\BOOKMARK [0][-]{chapter*.10}{Acknowledgements}{}% 2
\BOOKMARK [0][-]{chapter*.11}{Motivation}{}% 3
\BOOKMARK [0][-]{chapter.1}{Introduction}{}% 4
\BOOKMARK [0][-]{chapter.2}{Theory and principles}{}% 5
\BOOKMARK [1][-]{section.2.1}{Microelectrodes}{chapter.2}% 6
\BOOKMARK [2][-]{subsection.2.1.1}{Pioneers of using microelectrodes}{section.2.1}% 7
\BOOKMARK [2][-]{subsection.2.1.2}{Glass-based electrodes and microelectrodes}{section.2.1}% 8
\BOOKMARK [2][-]{subsection.2.1.3}{Liquid ion exchanger membrane based microelectrodes}{section.2.1}% 9
\BOOKMARK [2][-]{subsection.2.1.4}{Ionophore based microelectrodes}{section.2.1}% 10
\BOOKMARK [2][-]{subsection.2.1.5}{Metal/metal-oxide pH microelectrodes}{section.2.1}% 11
\BOOKMARK [2][-]{subsection.2.1.6}{The potentiometric measurement}{section.2.1}% 12
\BOOKMARK [2][-]{subsection.2.1.7}{Response characteristics}{section.2.1}% 13
\BOOKMARK [1][-]{section.2.2}{Scanning Electrochemical Microscopy}{chapter.2}% 14
\BOOKMARK [2][-]{subsection.2.2.1}{Origins of the technique}{section.2.2}% 15
\BOOKMARK [2][-]{subsection.2.2.2}{Potentiometric SECM}{section.2.2}% 16
\BOOKMARK [2][-]{subsection.2.2.3}{Distortion and image processing in SECM}{section.2.2}% 17
\BOOKMARK [0][-]{chapter.3}{Materials and Methods}{}% 18
\BOOKMARK [1][-]{section.3.1}{Ion-selective microelectrodes}{chapter.3}% 19
\BOOKMARK [2][-]{subsection.3.1.1}{Preparation of the microelectrodes}{section.3.1}% 20
\BOOKMARK [3][-]{subsubsection.3.1.1.1}{Metal/metal-oxide electrodes}{subsection.3.1.1}% 21
\BOOKMARK [4][-]{section*.21}{Antimony pH-sensitive microelectrode}{subsubsection.3.1.1.1}% 22
\BOOKMARK [4][-]{section*.22}{Tungsten pH-sensitive microelectrode}{subsubsection.3.1.1.1}% 23
\BOOKMARK [3][-]{subsubsection.3.1.1.2}{Micropipette ion-selective electrodes}{subsection.3.1.1}% 24
\BOOKMARK [4][-]{section*.25}{Liquid-contact ion-selective microelectrodes}{subsubsection.3.1.1.2}% 25
\BOOKMARK [4][-]{section*.27}{Solid-contact ion-selective microelectrodes}{subsubsection.3.1.1.2}% 26
\BOOKMARK [4][-]{section*.28}{Preparation of the solid contact}{subsubsection.3.1.1.2}% 27
\BOOKMARK [2][-]{subsection.3.1.2}{Instrumentation for the microelectrodes}{section.3.1}% 28
\BOOKMARK [2][-]{subsection.3.1.3}{Characterization of the microelectrodes}{section.3.1}% 29
\BOOKMARK [3][-]{subsubsection.3.1.3.1}{Calibration}{subsection.3.1.3}% 30
\BOOKMARK [3][-]{subsubsection.3.1.3.2}{Internal resistance}{subsection.3.1.3}% 31
\BOOKMARK [3][-]{subsubsection.3.1.3.3}{Response time}{subsection.3.1.3}% 32
\BOOKMARK [3][-]{subsubsection.3.1.3.4}{RC time constant}{subsection.3.1.3}% 33
\BOOKMARK [1][-]{section.3.2}{SECM targets}{chapter.3}% 34
\BOOKMARK [2][-]{subsection.3.2.1}{Magnesium- and potassium-ion source pipette model targets}{section.3.2}% 35
\BOOKMARK [2][-]{subsection.3.2.2}{Moulded model targets}{section.3.2}% 36
\BOOKMARK [3][-]{subsubsection.3.2.2.1}{Iron - magnesium galvanic couple}{subsection.3.2.2}% 37
\BOOKMARK [3][-]{subsubsection.3.2.2.2}{Iron - AZ63 galvanic couple}{subsection.3.2.2}% 38
\BOOKMARK [3][-]{subsubsection.3.2.2.3}{Zinc - copper galvanic couple}{subsection.3.2.2}% 39
\BOOKMARK [3][-]{subsubsection.3.2.2.4}{Carbon steel}{subsection.3.2.2}% 40
\BOOKMARK [3][-]{subsubsection.3.2.2.5}{Graphite model target}{subsection.3.2.2}% 41
\BOOKMARK [1][-]{section.3.3}{SECM routines}{chapter.3}% 42
\BOOKMARK [2][-]{subsection.3.3.1}{For the comparison of solid and liquid contact microelectrodes}{section.3.3}% 43
\BOOKMARK [2][-]{subsection.3.3.2}{Optimization of scanning patterns and algorithms}{section.3.3}% 44
\BOOKMARK [3][-]{subsubsection.3.3.2.1}{Cartesian coordinate-system based patterns and algorithms}{subsection.3.3.2}% 45
\BOOKMARK [3][-]{subsubsection.3.3.2.2}{Circular, polar-coordinate system based patterns and algorithms}{subsection.3.3.2}% 46
\BOOKMARK [2][-]{subsection.3.3.3}{SECM routines for the deconvolution study}{section.3.3}% 47
\BOOKMARK [3][-]{subsubsection.3.3.3.1}{Linescans}{subsection.3.3.3}% 48
\BOOKMARK [3][-]{subsubsection.3.3.3.2}{2D scans}{subsection.3.3.3}% 49
\BOOKMARK [2][-]{subsection.3.3.4}{Backlash compensation}{section.3.3}% 50
\BOOKMARK [1][-]{section.3.4}{Deconvolution of potentiometric SECM images}{chapter.3}% 51
\BOOKMARK [1][-]{section.3.5}{Simulation of the SECM measurements}{chapter.3}% 52
\BOOKMARK [2][-]{subsection.3.5.1}{3D numerical simulation of diffusion from a disk source}{section.3.5}% 53
\BOOKMARK [2][-]{subsection.3.5.2}{SECM scan simulation}{section.3.5}% 54
\BOOKMARK [1][-]{section.3.6}{Scanning Electrochemical Microscope}{chapter.3}% 55
\BOOKMARK [2][-]{subsection.3.6.1}{Homemade SECM}{section.3.6}% 56
\BOOKMARK [1][-]{section.3.7}{Measuring corrosion current between a galvanic couple}{chapter.3}% 57
\BOOKMARK [1][-]{section.3.8}{Estimating ion-flux based on approaching curves}{chapter.3}% 58
\BOOKMARK [0][-]{chapter.4}{Results and Discussion}{}% 59
\BOOKMARK [1][-]{section.4.1}{Using solid-contact electrodes as potentiometric SECM probes}{chapter.4}% 60
\BOOKMARK [2][-]{subsection.4.1.1}{Electrode characterization and images of a model system}{section.4.1}% 61
\BOOKMARK [2][-]{subsection.4.1.2}{Applications}{section.4.1}% 62
\BOOKMARK [3][-]{subsubsection.4.1.2.1}{Investigation of galvanic and homogeneous corrosion of magnesium}{subsection.4.1.2}% 63
\BOOKMARK [3][-]{subsubsection.4.1.2.2}{Estimation of corrosion current based on vertical SECM scans}{subsection.4.1.2}% 64
\BOOKMARK [1][-]{section.4.2}{Optimization of scanning algorithms}{chapter.4}% 65
\BOOKMARK [2][-]{subsection.4.2.1}{SECM simulations}{section.4.2}% 66
\BOOKMARK [2][-]{subsection.4.2.2}{Experimental SECM images}{section.4.2}% 67
\BOOKMARK [1][-]{section.4.3}{Signal processing in potentiometric SECM}{chapter.4}% 68
\BOOKMARK [2][-]{subsection.4.3.1}{Deconvolution of measurements performed with metal/metal-oxide microelectrodes}{section.4.3}% 69
\BOOKMARK [3][-]{subsubsection.4.3.1.1}{Minimal working example: deconvolution of a step response}{subsection.4.3.1}% 70
\BOOKMARK [3][-]{subsubsection.4.3.1.2}{Linescans performed with the antimony microelectrode}{subsection.4.3.1}% 71
\BOOKMARK [3][-]{subsubsection.4.3.1.3}{2D scans performed with the antimony microelectrode}{subsection.4.3.1}% 72
\BOOKMARK [3][-]{subsubsection.4.3.1.4}{2D scans performed with the tungsten microelectrodes}{subsection.4.3.1}% 73
\BOOKMARK [2][-]{subsection.4.3.2}{Experiments with ion-selective micropipettes}{section.4.3}% 74
\BOOKMARK [3][-]{subsubsection.4.3.2.1}{Linescans performed with a magnesium ion-selective micropipette}{subsection.4.3.2}% 75
\BOOKMARK [4][-]{section*.57}{Measuring R and C.}{subsubsection.4.3.2.1}% 76
\BOOKMARK [4][-]{section*.58}{Linescans.}{subsubsection.4.3.2.1}% 77
\BOOKMARK [3][-]{subsubsection.4.3.2.2}{2D scans performed with the magnesium ion-selective micropipette}{subsection.4.3.2}% 78
\BOOKMARK [3][-]{subsubsection.4.3.2.3}{2D scans performed with the potassium ion-selective micropipette}{subsection.4.3.2}% 79
\BOOKMARK [2][-]{subsection.4.3.3}{Applications}{section.4.3}% 80
\BOOKMARK [3][-]{subsubsection.4.3.3.1}{Investigation of the galvanic corrosion of zinc and copper}{subsection.4.3.3}% 81
\BOOKMARK [3][-]{subsubsection.4.3.3.2}{Investigation of the corrosion of carbon steel}{subsection.4.3.3}% 82
\BOOKMARK [2][-]{subsection.4.3.4}{Possibility of ,,blind deconvolution''}{section.4.3}% 83
\BOOKMARK [0][-]{chapter.5}{Conclusions}{}% 84
\BOOKMARK [0][-]{Item.15}{List of Figures}{}% 85
\BOOKMARK [0][-]{chapter*.66}{List of Tables}{}% 86
\BOOKMARK [0][-]{chapter*.68}{List of Abbreviations}{}% 87
\BOOKMARK [0][-]{chapter*.70}{Appendix}{}% 88
\BOOKMARK [1][-]{section.5.1}{Diffusion and SECM scan simulation}{chapter*.70}% 89
\BOOKMARK [1][-]{section.5.2}{Deconvolution program in Fortran}{chapter*.70}% 90
